Detecting compiler hash for triplet x64-windows...
Compiler found: C:/Program Files/Microsoft Visual Studio/2022/Community/VC/Tools/MSVC/14.44.35207/bin/Hostx64/x64/cl.exe
The following packages will be built and installed:
    fmt:x64-windows@12.1.0
    nlohmann-json:x64-windows@3.12.0#1
  * vcpkg-cmake:x64-windows@2024-04-23
  * vcpkg-cmake-config:x64-windows@2024-05-23
Additional packages (*) will be modified to complete this operation.
Restored 4 package(s) from C:\Users\gmedv\AppData\Local\vcpkg\archives in 217 ms. Use --debug to see more details.
Installing 1/4 vcpkg-cmake-config:x64-windows@2024-05-23...
Elapsed time to handle vcpkg-cmake-config:x64-windows: 7.08 ms
vcpkg-cmake-config:x64-windows package ABI: e91a1e285e746fb79b205a68d7af8b580adfe10b2efce159a38d383cb47cf6d4
Installing 2/4 vcpkg-cmake:x64-windows@2024-04-23...
Elapsed time to handle vcpkg-cmake:x64-windows: 7.32 ms
vcpkg-cmake:x64-windows package ABI: 5afde9dea8527fcfde686f5f36d2902ac330ad9ecd92cb22204684aa66221a3f
Installing 3/4 fmt:x64-windows@12.1.0...
Elapsed time to handle fmt:x64-windows: 24.2 ms
fmt:x64-windows package ABI: 9b348853428310f1877fcb11d6f277d7d7d1c2321ea9958b4ce78f5bed51593d
Installing 4/4 nlohmann-json:x64-windows@3.12.0#1...
Elapsed time to handle nlohmann-json:x64-windows: 40.6 ms
nlohmann-json:x64-windows package ABI: 11b54586d6d899860c3f2ef6065305ac5c3f4f2cf155dabd7f77fd7cb1e75245
Installed contents are licensed to you by owners. Microsoft is not responsible for, nor does it grant any licenses to, third-party packages.
Packages installed in this vcpkg installation declare the following licenses:
MIT
The package fmt provides CMake targets:

    find_package(fmt CONFIG REQUIRED)
    target_link_libraries(main PRIVATE fmt::fmt)

    # Or use the header-only version
    find_package(fmt CONFIG REQUIRED)
    target_link_libraries(main PRIVATE fmt::fmt-header-only)

The package nlohmann-json provides CMake targets:

    find_package(nlohmann_json CONFIG REQUIRED)
    target_link_libraries(main PRIVATE nlohmann_json::nlohmann_json)

The package nlohmann-json can be configured to not provide implicit conversions via a custom triplet file:

    set(nlohmann-json_IMPLICIT_CONVERSIONS OFF)

For more information, see the docs here:
    
    https://json.nlohmann.me/api/macros/json_use_implicit_conversions/

All requested installations completed successfully in: 81.1 ms
